<?xml version="1.0" encoding="UTF-8"?>
<!-- Generated by org.testng.reporters.JUnitXMLReporter -->
<testsuite ignored="0" hostname="Sushil" failures="0" tests="5" name="Class one" time="16.56" errors="0" timestamp="2020-05-26T20:06:27 EDT">
  <testcase classname="com.class01.TaskTwo" name="test1" time="0.005"/>
  <testcase classname="com.class01.TaskTwo" name="test2" time="0.002"/>
  <testcase classname="com.class01.TaskTwo" name="test3" time="0.002"/>
  <testcase classname="com.class01.DifferentAnnotationDemo" name="test" time="0.002"/>
  <testcase classname="com.class01.Practice" name="login" time="2.636"/>
</testsuite> <!-- Class one -->
