<?xml version="1.0" encoding="UTF-8"?>
<!-- Generated by org.testng.reporters.JUnitXMLReporter -->
<testsuite ignored="0" hostname="Sushil" failures="0" tests="5" name="Class01" time="15.487" errors="0" timestamp="2020-05-27T11:19:25 EDT">
  <testcase classname="com.class01.TaskTwo" name="test1" time="0.006"/>
  <testcase classname="com.class01.TaskTwo" name="test2" time="0.002"/>
  <testcase classname="com.class01.TaskTwo" name="test3" time="0.002"/>
  <testcase classname="com.class01.DifferentAnnotationDemo" name="test" time="0.001"/>
  <testcase classname="com.class01.Practice" name="login" time="2.929"/>
</testsuite> <!-- Class01 -->
