<?xml version="1.0" encoding="UTF-8"?>
<!-- Generated by org.testng.reporters.JUnitXMLReporter -->
<testsuite ignored="2" hostname="Sushil" failures="0" tests="3" name="Test.GroupsClass" time="0.05" errors="0" timestamp="2020-05-27T16:50:04 EDT">
  <testcase classname="com.class03.GroupsPractice" name="test2" time="0.006"/>
  <testcase classname="com.class03.GroupsPractice" name="test4" time="0.008"/>
  <testcase classname="com.class03.GroupsPractice" name="test5" time="0.001"/>
  <testcase classname="com.class03.GroupsPractice" name="test1" time="0.0">
    <ignored/>
  </testcase> <!-- test1 -->
  <testcase classname="com.class03.GroupsPractice" name="test3" time="0.0">
    <ignored/>
  </testcase> <!-- test3 -->
</testsuite> <!-- Test.GroupsClass -->
